<?xml version="1.0" encoding="UTF-8"?>
<!-- Generated by org.testng.reporters.JUnitReportReporter -->
<testsuite skipped="0" hostname="Filip-PC" name="pyp.MyFilesAddFilesFromStock" tests="1" failures="0" timestamp="13 Dec 2020 22:17:20 GMT" time="34.704" errors="0">
  <testcase name="uploadStock" time="34.704" classname="pyp.MyFilesAddFilesFromStock"/>
</testsuite> <!-- pyp.MyFilesAddFilesFromStock -->
