<?xml version="1.0" encoding="UTF-8"?>
<!-- Generated by org.testng.reporters.JUnitReportReporter -->
<testsuite skipped="0" hostname="Filip-PC" name="pyp.MyProfile" tests="4" failures="0" timestamp="18 Nov 2020 17:16:45 GMT" time="11.286" errors="0">
  <testcase name="updateName" time="1.352" classname="pyp.MyProfile"/>
  <testcase name="myProfile" time="1.364" classname="pyp.MyProfile"/>
  <testcase name="uploadPicture1" time="3.932" classname="pyp.MyProfile"/>
  <testcase name="uploadPicture" time="4.638" classname="pyp.MyProfile"/>
</testsuite> <!-- pyp.MyProfile -->
