<?xml version="1.0" encoding="UTF-8"?>
<!-- Generated by org.testng.reporters.JUnitReportReporter -->
<testsuite skipped="0" hostname="SRBGRZWM53" name="pyp.Login" tests="2" failures="0" timestamp="21 Dec 2020 17:16:09 GMT" time="15.351" errors="0">
  <testcase name="login" time="7.922" classname="pyp.Login"/>
  <testcase name="login" time="7.429" classname="pyp.Login"/>
</testsuite> <!-- pyp.Login -->
