<?xml version="1.0" encoding="UTF-8"?>
<!-- Generated by org.testng.reporters.JUnitReportReporter -->
<testsuite skipped="0" hostname="Filip-PC" name="pyp.GetInspiredMoodFilter" tests="1" failures="0" timestamp="20 Dec 2020 19:06:09 GMT" time="43.560" errors="0">
  <testcase name="moodFilter" time="43.560" classname="pyp.GetInspiredMoodFilter"/>
</testsuite> <!-- pyp.GetInspiredMoodFilter -->
