<?xml version="1.0" encoding="UTF-8"?>
<!-- Generated by org.testng.reporters.JUnitReportReporter -->
<testsuite skipped="0" hostname="Filip-PC" name="pyp.MyFavoritesPreview" tests="2" failures="0" timestamp="20 Dec 2020 19:07:13 GMT" time="11.527" errors="0">
  <testcase name="myFavoritesPreview" time="9.518" classname="pyp.MyFavoritesPreview"/>
  <testcase name="deleteAllFavorites" time="2.009" classname="pyp.MyFavoritesPreview"/>
</testsuite> <!-- pyp.MyFavoritesPreview -->
