<?xml version="1.0" encoding="UTF-8"?>
<!-- Generated by org.testng.reporters.JUnitReportReporter -->
<testsuite skipped="0" hostname="Filip-PC" name="pyp.MyFilesSortFunctionalities" tests="3" failures="0" timestamp="13 Dec 2020 21:45:46 GMT" time="8.924" errors="0">
  <testcase name="sortDateFunctionality" time="1.960" classname="pyp.MyFilesSortFunctionalities"/>
  <testcase name="sortSizeFunctionality" time="2.880" classname="pyp.MyFilesSortFunctionalities"/>
  <testcase name="sortNameFunctionality" time="4.084" classname="pyp.MyFilesSortFunctionalities"/>
</testsuite> <!-- pyp.MyFilesSortFunctionalities -->
