<?xml version="1.0" encoding="UTF-8"?>
<!-- Generated by org.testng.reporters.JUnitReportReporter -->
<testsuite skipped="0" hostname="Filip-PC" name="pyp.MyFilesUpload" tests="1" failures="0" timestamp="7 Dec 2020 18:24:09 GMT" time="5.441" errors="0">
  <testcase name="uploadMyDevice" time="5.441" classname="pyp.MyFilesUpload"/>
</testsuite> <!-- pyp.MyFilesUpload -->
