<?xml version="1.0" encoding="UTF-8"?>
<!-- Generated by org.testng.reporters.JUnitReportReporter -->
<testsuite skipped="0" hostname="Filip-PC" name="pyp.TemplatesCategories" tests="2" failures="0" timestamp="13 Dec 2020 20:17:00 GMT" time="34.900" errors="0">
  <testcase name="categories" time="19.267" classname="pyp.TemplatesCategories"/>
  <testcase name="categoriesWithFilterNotFound" time="15.633" classname="pyp.TemplatesCategories"/>
</testsuite> <!-- pyp.TemplatesCategories -->
