<?xml version="1.0" encoding="UTF-8"?>
<!-- Generated by org.testng.reporters.JUnitReportReporter -->
<testsuite skipped="0" hostname="Filip-PC" name="pyp.MyProfileAccount" tests="5" failures="0" timestamp="13 Dec 2020 19:48:17 GMT" time="27.188" errors="0">
  <testcase name="deleteAvatarPicture" time="15.099" classname="pyp.MyProfileAccount"/>
  <testcase name="myProfile" time="1.296" classname="pyp.MyProfileAccount"/>
  <testcase name="uploadPicture1" time="3.397" classname="pyp.MyProfileAccount"/>
  <testcase name="uploadPicture" time="6.093" classname="pyp.MyProfileAccount"/>
  <testcase name="updateName" time="1.303" classname="pyp.MyProfileAccount"/>
</testsuite> <!-- pyp.MyProfileAccount -->
