<?xml version="1.0" encoding="UTF-8"?>
<!-- Generated by org.testng.reporters.JUnitReportReporter -->
<testsuite skipped="0" hostname="Filip-PC" name="pyp.MyFavoritesSearchBar" tests="3" failures="0" timestamp="16 Dec 2020 18:55:49 GMT" time="23.514" errors="0">
  <testcase name="searchMedia" time="2.049" classname="pyp.MyFavoritesSearchBar"/>
  <testcase name="wrongSearchMedia" time="10.419" classname="pyp.MyFavoritesSearchBar"/>
  <testcase name="checkMediaOnPage" time="11.046" classname="pyp.MyFavoritesSearchBar"/>
</testsuite> <!-- pyp.MyFavoritesSearchBar -->
