<?xml version="1.0" encoding="UTF-8"?>
<!-- Generated by org.testng.reporters.JUnitReportReporter -->
<testsuite skipped="0" hostname="Filip-PC" name="pyp.Login" tests="1" failures="0" timestamp="17 Dec 2020 17:23:28 GMT" time="23.477" errors="0">
  <testcase name="login" time="23.477" classname="pyp.Login"/>
</testsuite> <!-- pyp.Login -->
