<?xml version="1.0" encoding="UTF-8"?>
<!-- Generated by org.testng.reporters.JUnitReportReporter -->
<testsuite skipped="0" hostname="Filip-PC" name="pyp.TemplatesSearchBar" tests="2" failures="0" timestamp="13 Dec 2020 20:11:42 GMT" time="4.561" errors="0">
  <testcase name="validationIfVideoDontExistAfterSearch" time="2.646" classname="pyp.TemplatesSearchBar"/>
  <testcase name="searchBarByKeyword" time="1.915" classname="pyp.TemplatesSearchBar"/>
</testsuite> <!-- pyp.TemplatesSearchBar -->
