<?xml version="1.0" encoding="UTF-8"?>
<!-- Generated by org.testng.reporters.JUnitReportReporter -->
<testsuite skipped="0" hostname="Filip-PC" name="pyp.MyFilesDeleteFiles" tests="2" failures="0" timestamp="13 Dec 2020 22:19:42 GMT" time="13.328" errors="0">
  <testcase name="deleteFilesOnMedia" time="5.787" classname="pyp.MyFilesDeleteFiles"/>
  <testcase name="deleteFilesOnIcon" time="7.541" classname="pyp.MyFilesDeleteFiles"/>
</testsuite> <!-- pyp.MyFilesDeleteFiles -->
