<?xml version="1.0" encoding="UTF-8"?>
<!-- Generated by org.testng.reporters.JUnitReportReporter -->
<testsuite skipped="0" hostname="Filip-PC" name="pyp.GetInspiredMoodFilter" tests="1" failures="0" timestamp="13 Dec 2020 21:17:23 GMT" time="45.613" errors="0">
  <testcase name="moodFilter" time="45.613" classname="pyp.GetInspiredMoodFilter"/>
</testsuite> <!-- pyp.GetInspiredMoodFilter -->
