<?xml version="1.0" encoding="UTF-8"?>
<!-- Generated by org.testng.reporters.JUnitReportReporter -->
<testsuite skipped="0" hostname="Filip-PC" name="pyp.TemplatesRandomAllFilters" tests="1" failures="0" timestamp="20 Dec 2020 18:28:52 GMT" time="6.648" errors="0">
  <testcase name="RandomFilters" time="6.648" classname="pyp.TemplatesRandomAllFilters"/>
</testsuite> <!-- pyp.TemplatesRandomAllFilters -->
