<?xml version="1.0" encoding="UTF-8"?>
<!-- Generated by org.testng.reporters.JUnitReportReporter -->
<testsuite skipped="0" hostname="Filip-PC" name="pyp.GetInspiredSearchBar" tests="3" failures="0" timestamp="20 Dec 2020 18:59:50 GMT" time="37.286" errors="0">
  <testcase name="getInspiredBadSearch" time="7.155" classname="pyp.GetInspiredSearchBar"/>
  <testcase name="loadMoreTemplates" time="24.588" classname="pyp.GetInspiredSearchBar"/>
  <testcase name="getInspiredSearch" time="5.543" classname="pyp.GetInspiredSearchBar"/>
</testsuite> <!-- pyp.GetInspiredSearchBar -->
