<?xml version="1.0" encoding="UTF-8"?>
<!-- Generated by org.testng.reporters.JUnitReportReporter -->
<testsuite skipped="0" hostname="Filip-PC" name="pyp.TemplatesVideoFormat" tests="1" failures="0" timestamp="20 Dec 2020 18:24:30 GMT" time="9.151" errors="0">
  <testcase name="checkVideoFormat" time="9.151" classname="pyp.TemplatesVideoFormat"/>
</testsuite> <!-- pyp.TemplatesVideoFormat -->
