<?xml version="1.0" encoding="UTF-8"?>
<!-- Generated by org.testng.reporters.JUnitReportReporter -->
<testsuite skipped="0" hostname="Filip-PC" name="pyp.TemplatesNumberOfPhotosFilter" tests="1" failures="0" timestamp="20 Dec 2020 18:28:53 GMT" time="24.977" errors="0">
  <testcase name="numberOfPhotosFilter" time="24.977" classname="pyp.TemplatesNumberOfPhotosFilter"/>
</testsuite> <!-- pyp.TemplatesNumberOfPhotosFilter -->
