<?xml version="1.0" encoding="UTF-8"?>
<!-- Generated by org.testng.reporters.JUnitReportReporter -->
<testsuite skipped="0" hostname="Filip-PC" name="pyp.RegistrationValidationChecks" tests="6" failures="0" timestamp="20 Dec 2020 17:43:16 GMT" time="38.216" errors="0">
  <testcase name="validationEmailWrongFormat" time="3.547" classname="pyp.RegistrationValidationChecks"/>
  <testcase name="validationPasswordLenght" time="2.318" classname="pyp.RegistrationValidationChecks"/>
  <testcase name="validationPasswordDoesntMatch" time="2.889" classname="pyp.RegistrationValidationChecks"/>
  <testcase name="validationWhereUserExist" time="3.486" classname="pyp.RegistrationValidationChecks"/>
  <testcase name="navigateToRegistrationPage" time="23.513" classname="pyp.RegistrationValidationChecks"/>
  <testcase name="validationAllFieldsBlank" time="2.463" classname="pyp.RegistrationValidationChecks"/>
</testsuite> <!-- pyp.RegistrationValidationChecks -->
