<?xml version="1.0" encoding="UTF-8"?>
<!-- Generated by org.testng.reporters.JUnitReportReporter -->
<testsuite skipped="0" hostname="Filip-PC" name="pyp.TemplatesVideoFormat" tests="1" failures="0" timestamp="16 Dec 2020 20:00:06 GMT" time="8.191" errors="0">
  <testcase name="checkVideoFormat" time="8.191" classname="pyp.TemplatesVideoFormat"/>
</testsuite> <!-- pyp.TemplatesVideoFormat -->
