<?xml version="1.0" encoding="UTF-8"?>
<!-- Generated by org.testng.reporters.JUnitReportReporter -->
<testsuite skipped="0" hostname="Filip-PC" name="pyp.MyFavoritesVideoFormat" tests="2" failures="0" timestamp="16 Dec 2020 20:02:12 GMT" time="12.991" errors="0">
  <testcase name="checkMediaOnPage" time="6.614" classname="pyp.MyFavoritesVideoFormat"/>
  <testcase name="checkVideoFormat" time="6.377" classname="pyp.MyFavoritesVideoFormat"/>
</testsuite> <!-- pyp.MyFavoritesVideoFormat -->
