<?xml version="1.0" encoding="UTF-8"?>
<!-- Generated by org.testng.reporters.JUnitReportReporter -->
<testsuite skipped="0" hostname="Filip-PC" name="pyp.TemplatesCategories" tests="2" failures="0" timestamp="20 Dec 2020 18:22:52 GMT" time="34.463" errors="0">
  <testcase name="categoriesWithFilterNotFound" time="15.421" classname="pyp.TemplatesCategories"/>
  <testcase name="categories" time="19.042" classname="pyp.TemplatesCategories"/>
</testsuite> <!-- pyp.TemplatesCategories -->
