<?xml version="1.0" encoding="UTF-8"?>
<!-- Generated by org.testng.reporters.JUnitReportReporter -->
<testsuite skipped="0" hostname="Filip-PC" name="pyp.MyFilesSortFunctionalities" tests="3" failures="0" timestamp="20 Dec 2020 19:25:56 GMT" time="20.610" errors="0">
  <testcase name="sortSizeFunctionality" time="8.977" classname="pyp.MyFilesSortFunctionalities"/>
  <testcase name="sortDateFunctionality" time="4.054" classname="pyp.MyFilesSortFunctionalities"/>
  <testcase name="sortNameFunctionality" time="7.579" classname="pyp.MyFilesSortFunctionalities"/>
</testsuite> <!-- pyp.MyFilesSortFunctionalities -->
