<?xml version="1.0" encoding="UTF-8"?>
<!-- Generated by org.testng.reporters.JUnitReportReporter -->
<testsuite skipped="0" hostname="Filip-PC" name="pyp.Login_logout" tests="1" failures="0" timestamp="13 Dec 2020 19:00:56 GMT" time="21.643" errors="0">
  <testcase name="loginAndLogout" time="21.643" classname="pyp.Login_logout"/>
</testsuite> <!-- pyp.Login_logout -->
