<?xml version="1.0" encoding="UTF-8"?>
<!-- Generated by org.testng.reporters.JUnitReportReporter -->
<testsuite skipped="0" hostname="Filip-PC" name="pyp.RegistrationValidationChecks" tests="6" failures="0" timestamp="13 Dec 2020 18:55:01 GMT" time="30.672" errors="0">
  <testcase name="validationAllFieldsBlank" time="1.565" classname="pyp.RegistrationValidationChecks"/>
  <testcase name="navigateToRegistrationPage" time="18.587" classname="pyp.RegistrationValidationChecks"/>
  <testcase name="validationPasswordLenght" time="1.841" classname="pyp.RegistrationValidationChecks"/>
  <testcase name="validationEmailWrongFormat" time="3.297" classname="pyp.RegistrationValidationChecks"/>
  <testcase name="validationPasswordDoesntMatch" time="2.424" classname="pyp.RegistrationValidationChecks"/>
  <testcase name="validationWhereUserExist" time="2.958" classname="pyp.RegistrationValidationChecks"/>
</testsuite> <!-- pyp.RegistrationValidationChecks -->
