<?xml version="1.0" encoding="UTF-8"?>
<!-- Generated by org.testng.reporters.JUnitReportReporter -->
<testsuite skipped="0" hostname="Filip-PC" name="pyp.MyProfileDeleteAccount" tests="1" failures="0" timestamp="28 Nov 2020 16:59:18 GMT" time="4.898" errors="0">
  <testcase name="myDeleteProfile" time="4.898" classname="pyp.MyProfileDeleteAccount"/>
</testsuite> <!-- pyp.MyProfileDeleteAccount -->
