<?xml version="1.0" encoding="UTF-8"?>
<!-- Generated by org.testng.reporters.JUnitReportReporter -->
<testsuite skipped="0" hostname="Filip-PC" name="pyp.TerminateBrowser" tests="1" failures="0" timestamp="13 Dec 2020 21:17:23 GMT" time="3.361" errors="0">
  <testcase name="teardown" time="3.361" classname="pyp.TerminateBrowser"/>
</testsuite> <!-- pyp.TerminateBrowser -->
