<?xml version="1.0" encoding="UTF-8"?>
<!-- Generated by org.testng.reporters.JUnitReportReporter -->
<testsuite skipped="0" hostname="Filip-PC" name="pyp.TemplatesSpeedsFilter" tests="1" failures="0" timestamp="13 Dec 2020 20:21:09 GMT" time="45.896" errors="0">
  <testcase name="speedsFilter" time="45.896" classname="pyp.TemplatesSpeedsFilter"/>
</testsuite> <!-- pyp.TemplatesSpeedsFilter -->
