<?xml version="1.0" encoding="UTF-8"?>
<!-- Generated by org.testng.reporters.JUnitReportReporter -->
<testsuite skipped="0" hostname="Filip-PC" name="pyp.GetInspiredRandomAllFilters" tests="1" failures="0" timestamp="20 Dec 2020 19:06:09 GMT" time="7.296" errors="0">
  <testcase name="RandomFilters" time="7.296" classname="pyp.GetInspiredRandomAllFilters"/>
</testsuite> <!-- pyp.GetInspiredRandomAllFilters -->
