<?xml version="1.0" encoding="UTF-8"?>
<!-- Generated by org.testng.reporters.JUnitReportReporter -->
<testsuite skipped="0" hostname="Filip-PC" name="pyp.TemplatesSearchBar" tests="2" failures="0" timestamp="20 Dec 2020 18:25:40 GMT" time="3.183" errors="0">
  <testcase name="validationIfVideoDontExistAfterSearch" time="1.369" classname="pyp.TemplatesSearchBar"/>
  <testcase name="searchBarByKeyword" time="1.814" classname="pyp.TemplatesSearchBar"/>
</testsuite> <!-- pyp.TemplatesSearchBar -->
