<?xml version="1.0" encoding="UTF-8"?>
<!-- Generated by org.testng.reporters.JUnitReportReporter -->
<testsuite skipped="0" hostname="Filip-PC" name="pyp.MyFilesAddFilesFromStock" tests="1" failures="0" timestamp="20 Dec 2020 19:15:10 GMT" time="32.165" errors="0">
  <testcase name="uploadStock" time="32.165" classname="pyp.MyFilesAddFilesFromStock"/>
</testsuite> <!-- pyp.MyFilesAddFilesFromStock -->
