<?xml version="1.0" encoding="UTF-8"?>
<!-- Generated by org.testng.reporters.JUnitReportReporter -->
<testsuite skipped="0" hostname="SRBGRZWM53" name="pyp.GetInspiredSpeedsFilter" tests="1" failures="0" timestamp="21 Dec 2020 12:30:34 GMT" time="44.629" errors="0">
  <testcase name="speedsFilter" time="44.629" classname="pyp.GetInspiredSpeedsFilter"/>
</testsuite> <!-- pyp.GetInspiredSpeedsFilter -->
