<?xml version="1.0" encoding="UTF-8"?>
<!-- Generated by org.testng.reporters.JUnitReportReporter -->
<testsuite skipped="0" hostname="Filip-PC" name="pyp.TemplatesDurationFilter" tests="1" failures="0" timestamp="20 Dec 2020 18:28:53 GMT" time="26.490" errors="0">
  <testcase name="durationFilter" time="26.490" classname="pyp.TemplatesDurationFilter"/>
</testsuite> <!-- pyp.TemplatesDurationFilter -->
