<?xml version="1.0" encoding="UTF-8"?>
<!-- Generated by org.testng.reporters.JUnitReportReporter -->
<testsuite skipped="0" hostname="Filip-PC" name="pyp.GetInspiredNewestAndPopularFilter" tests="1" failures="0" timestamp="20 Dec 2020 18:54:42 GMT" time="22.220" errors="0">
  <testcase name="getInspiredNewestAndPopular" time="22.220" classname="pyp.GetInspiredNewestAndPopularFilter"/>
</testsuite> <!-- pyp.GetInspiredNewestAndPopularFilter -->
