<?xml version="1.0" encoding="UTF-8"?>
<!-- Generated by org.testng.reporters.JUnitReportReporter -->
<testsuite skipped="0" hostname="Filip-PC" name="pyp.MyFavoritesVideoFormat" tests="2" failures="0" timestamp="20 Dec 2020 19:09:37 GMT" time="18.939" errors="0">
  <testcase name="checkMediaOnPage" time="12.701" classname="pyp.MyFavoritesVideoFormat"/>
  <testcase name="checkVideoFormat" time="6.238" classname="pyp.MyFavoritesVideoFormat"/>
</testsuite> <!-- pyp.MyFavoritesVideoFormat -->
