<?xml version="1.0" encoding="UTF-8"?>
<!-- Generated by org.testng.reporters.JUnitReportReporter -->
<testsuite skipped="0" hostname="Filip-PC" name="pyp.RegistrationLinksCheck" tests="2" failures="0" timestamp="20 Dec 2020 17:45:00 GMT" time="29.968" errors="0">
  <testcase name="linksCheck" time="8.743" classname="pyp.RegistrationLinksCheck"/>
  <testcase name="navigateToRegistrationPage" time="21.225" classname="pyp.RegistrationLinksCheck"/>
</testsuite> <!-- pyp.RegistrationLinksCheck -->
