<?xml version="1.0" encoding="UTF-8"?>
<!-- Generated by org.testng.reporters.JUnitReportReporter -->
<testsuite skipped="0" hostname="Filip-PC" name="pyp.TemplatesMoodFilter" tests="1" failures="0" timestamp="13 Dec 2020 20:21:09 GMT" time="35.799" errors="0">
  <testcase name="moodFilter" time="35.799" classname="pyp.TemplatesMoodFilter"/>
</testsuite> <!-- pyp.TemplatesMoodFilter -->
