<?xml version="1.0" encoding="UTF-8"?>
<!-- Generated by org.testng.reporters.JUnitReportReporter -->
<testsuite skipped="0" hostname="Filip-PC" name="pyp.MyProfileAccount" tests="5" failures="0" timestamp="20 Dec 2020 18:32:58 GMT" time="18.506" errors="0">
  <testcase name="uploadPicture1" time="3.488" classname="pyp.MyProfileAccount"/>
  <testcase name="updateName" time="1.866" classname="pyp.MyProfileAccount"/>
  <testcase name="myProfile" time="1.997" classname="pyp.MyProfileAccount"/>
  <testcase name="deleteAvatarPicture" time="5.415" classname="pyp.MyProfileAccount"/>
  <testcase name="uploadPicture" time="5.740" classname="pyp.MyProfileAccount"/>
</testsuite> <!-- pyp.MyProfileAccount -->
