<?xml version="1.0" encoding="UTF-8"?>
<!-- Generated by org.testng.reporters.JUnitReportReporter -->
<testsuite skipped="0" hostname="Filip-PC" name="pyp.MyFavoritesSearchBar" tests="3" failures="0" timestamp="20 Dec 2020 19:08:21 GMT" time="20.172" errors="0">
  <testcase name="checkMediaOnPage" time="7.753" classname="pyp.MyFavoritesSearchBar"/>
  <testcase name="wrongSearchMedia" time="10.355" classname="pyp.MyFavoritesSearchBar"/>
  <testcase name="searchMedia" time="2.064" classname="pyp.MyFavoritesSearchBar"/>
</testsuite> <!-- pyp.MyFavoritesSearchBar -->
