<?xml version="1.0" encoding="UTF-8"?>
<!-- Generated by org.testng.reporters.JUnitReportReporter -->
<testsuite skipped="0" hostname="Filip-PC" name="pyp.GetInspiredNumberOfPhotosFilter" tests="1" failures="0" timestamp="13 Dec 2020 21:17:23 GMT" time="38.129" errors="0">
  <testcase name="numberOfPhotosFilter" time="38.129" classname="pyp.GetInspiredNumberOfPhotosFilter"/>
</testsuite> <!-- pyp.GetInspiredNumberOfPhotosFilter -->
