<?xml version="1.0" encoding="UTF-8"?>
<!-- Generated by org.testng.reporters.JUnitReportReporter -->
<testsuite skipped="0" hostname="Filip-PC" name="pyp.MyProfilePasswordValidationChecks" tests="5" failures="0" timestamp="13 Dec 2020 19:50:58 GMT" time="14.366" errors="0">
  <testcase name="oldPasswordWrongValidation" time="5.014" classname="pyp.MyProfilePasswordValidationChecks"/>
  <testcase name="newPasswordWrongLenght" time="2.507" classname="pyp.MyProfilePasswordValidationChecks"/>
  <testcase name="passwordDoesntMatch" time="2.416" classname="pyp.MyProfilePasswordValidationChecks"/>
  <testcase name="myProfilePassword" time="2.628" classname="pyp.MyProfilePasswordValidationChecks"/>
  <testcase name="validationAllFieldsBlank" time="1.801" classname="pyp.MyProfilePasswordValidationChecks"/>
</testsuite> <!-- pyp.MyProfilePasswordValidationChecks -->
