<?xml version="1.0" encoding="UTF-8"?>
<!-- Generated by org.testng.reporters.JUnitReportReporter -->
<testsuite skipped="0" hostname="Filip-PC" name="pyp.MyProfilePasswordValidationChecks" tests="5" failures="0" timestamp="20 Dec 2020 18:37:01 GMT" time="9.195" errors="0">
  <testcase name="passwordDoesntMatch" time="1.534" classname="pyp.MyProfilePasswordValidationChecks"/>
  <testcase name="newPasswordWrongLenght" time="1.515" classname="pyp.MyProfilePasswordValidationChecks"/>
  <testcase name="oldPasswordWrongValidation" time="2.660" classname="pyp.MyProfilePasswordValidationChecks"/>
  <testcase name="validationAllFieldsBlank" time="1.114" classname="pyp.MyProfilePasswordValidationChecks"/>
  <testcase name="myProfilePassword" time="2.372" classname="pyp.MyProfilePasswordValidationChecks"/>
</testsuite> <!-- pyp.MyProfilePasswordValidationChecks -->
