<?xml version="1.0" encoding="UTF-8"?>
<!-- Generated by org.testng.reporters.JUnitReportReporter -->
<testsuite skipped="0" hostname="Filip-PC" name="pyp.LoginPageLinksCheck" tests="1" failures="0" timestamp="20 Dec 2020 17:48:00 GMT" time="19.467" errors="0">
  <testcase name="linksCheck" time="19.467" classname="pyp.LoginPageLinksCheck"/>
</testsuite> <!-- pyp.LoginPageLinksCheck -->
