<?xml version="1.0" encoding="UTF-8"?>
<!-- Generated by org.testng.reporters.JUnitReportReporter -->
<testsuite skipped="0" hostname="Filip-PC" name="pyp.MyFilesAddFiles" tests="2" failures="0" timestamp="17 Dec 2020 16:46:58 GMT" time="101.658" errors="0">
  <testcase name="uploadMyDevice" time="51.040" classname="pyp.MyFilesAddFiles"/>
  <testcase name="uploadMyDevice" time="50.618" classname="pyp.MyFilesAddFiles"/>
</testsuite> <!-- pyp.MyFilesAddFiles -->
