<?xml version="1.0" encoding="UTF-8"?>
<!-- Generated by org.testng.reporters.JUnitReportReporter -->
<testsuite skipped="0" hostname="Filip-PC" name="pyp.MyFilesSearchBar" tests="2" failures="0" timestamp="13 Dec 2020 21:24:30 GMT" time="18.560" errors="0">
  <testcase name="wrongSearchMedia" time="12.651" classname="pyp.MyFilesSearchBar"/>
  <testcase name="searchMedia" time="5.909" classname="pyp.MyFilesSearchBar"/>
</testsuite> <!-- pyp.MyFilesSearchBar -->
