<?xml version="1.0" encoding="UTF-8"?>
<!-- Generated by org.testng.reporters.JUnitReportReporter -->
<testsuite skipped="0" hostname="Filip-PC" name="pyp.ForgotPasswordValidationChecks" tests="4" failures="0" timestamp="20 Dec 2020 17:51:40 GMT" time="30.167" errors="0">
  <testcase name="forgotPasswordNavigation" time="26.668" classname="pyp.ForgotPasswordValidationChecks"/>
  <testcase name="validationEmailFieldBlank" time="1.011" classname="pyp.ForgotPasswordValidationChecks"/>
  <testcase name="validationEmailWrongFormat" time="1.304" classname="pyp.ForgotPasswordValidationChecks"/>
  <testcase name="validationEmailDontExist" time="1.184" classname="pyp.ForgotPasswordValidationChecks"/>
</testsuite> <!-- pyp.ForgotPasswordValidationChecks -->
