<?xml version="1.0" encoding="UTF-8"?>
<!-- Generated by org.testng.reporters.JUnitReportReporter -->
<testsuite skipped="0" hostname="Filip-PC" name="pyp.LoginValidationChecks" tests="5" failures="0" timestamp="13 Dec 2020 19:03:31 GMT" time="25.858" errors="0">
  <testcase name="validationPasswordLenght" time="1.350" classname="pyp.LoginValidationChecks"/>
  <testcase name="validationWrongCredetials" time="2.436" classname="pyp.LoginValidationChecks"/>
  <testcase name="validationEmailWrongFormat" time="1.673" classname="pyp.LoginValidationChecks"/>
  <testcase name="navigateToRegistrationPage" time="19.406" classname="pyp.LoginValidationChecks"/>
  <testcase name="validationAllFieldsBlank" time="0.993" classname="pyp.LoginValidationChecks"/>
</testsuite> <!-- pyp.LoginValidationChecks -->
