<?xml version="1.0" encoding="UTF-8"?>
<!-- Generated by org.testng.reporters.JUnitReportReporter -->
<testsuite skipped="0" hostname="Filip-PC" name="pyp.MyFilesFunctionalities" tests="3" failures="0" timestamp="20 Dec 2020 19:52:22 GMT" time="27.947" errors="0">
  <testcase name="downloadMediaOption" time="8.412" classname="pyp.MyFilesFunctionalities"/>
  <testcase name="renameMediaOption" time="7.599" classname="pyp.MyFilesFunctionalities"/>
  <testcase name="viewMediaOption" time="11.936" classname="pyp.MyFilesFunctionalities"/>
</testsuite> <!-- pyp.MyFilesFunctionalities -->
