<?xml version="1.0" encoding="UTF-8"?>
<!-- Generated by org.testng.reporters.JUnitReportReporter -->
<testsuite skipped="0" hostname="SRBGRZWM53" name="pyp.GetInspiredNumberOfPhotosFilter" tests="1" failures="0" timestamp="21 Dec 2020 12:30:34 GMT" time="24.147" errors="0">
  <testcase name="numberOfPhotosFilter" time="24.147" classname="pyp.GetInspiredNumberOfPhotosFilter"/>
</testsuite> <!-- pyp.GetInspiredNumberOfPhotosFilter -->
