<?xml version="1.0" encoding="UTF-8"?>
<!-- Generated by org.testng.reporters.JUnitReportReporter -->
<testsuite skipped="0" hostname="Filip-PC" name="pyp.GetInspiredSearchBar" tests="3" failures="0" timestamp="17 Dec 2020 17:23:28 GMT" time="33.642" errors="0">
  <testcase name="getInspiredBadSearch" time="9.428" classname="pyp.GetInspiredSearchBar"/>
  <testcase name="getInspiredSearch" time="5.498" classname="pyp.GetInspiredSearchBar"/>
  <testcase name="loadMoreTemplates" time="18.716" classname="pyp.GetInspiredSearchBar"/>
</testsuite> <!-- pyp.GetInspiredSearchBar -->
