<?xml version="1.0" encoding="UTF-8"?>
<!-- Generated by org.testng.reporters.JUnitReportReporter -->
<testsuite skipped="0" hostname="Filip-PC" name="pyp.test" tests="1" failures="0" timestamp="17 Nov 2020 19:43:35 GMT" time="0.054" errors="0">
  <testcase name="test" time="0.054" classname="pyp.test"/>
</testsuite> <!-- pyp.test -->
