<?xml version="1.0" encoding="UTF-8"?>
<!-- Generated by org.testng.reporters.JUnitReportReporter -->
<testsuite skipped="0" hostname="Filip-PC" name="pyp.TemplatesNumberOfPhotosFilter" tests="1" failures="0" timestamp="13 Dec 2020 20:21:09 GMT" time="25.951" errors="0">
  <testcase name="numberOfPhotosFilter" time="25.951" classname="pyp.TemplatesNumberOfPhotosFilter"/>
</testsuite> <!-- pyp.TemplatesNumberOfPhotosFilter -->
