<?xml version="1.0" encoding="UTF-8"?>
<!-- Generated by org.testng.reporters.JUnitReportReporter -->
<testsuite skipped="0" hostname="SRBGRZWM53" name="pyp.MyFilesAddFiles" tests="2" failures="0" timestamp="21 Dec 2020 17:16:09 GMT" time="94.092" errors="0">
  <testcase name="uploadMyDevice" time="47.088" classname="pyp.MyFilesAddFiles"/>
  <testcase name="uploadMyDevice" time="47.004" classname="pyp.MyFilesAddFiles"/>
</testsuite> <!-- pyp.MyFilesAddFiles -->
