<?xml version="1.0" encoding="UTF-8"?>
<!-- Generated by org.testng.reporters.JUnitReportReporter -->
<testsuite skipped="0" hostname="Filip-PC" name="pyp.MyProfileEmailNotification" tests="2" failures="0" timestamp="20 Dec 2020 18:33:56 GMT" time="4.951" errors="0">
  <testcase name="myProfile" time="1.640" classname="pyp.MyProfileEmailNotification"/>
  <testcase name="emailNotification" time="3.311" classname="pyp.MyProfileEmailNotification"/>
</testsuite> <!-- pyp.MyProfileEmailNotification -->
