<?xml version="1.0" encoding="UTF-8"?>
<!-- Generated by org.testng.reporters.JUnitReportReporter -->
<testsuite skipped="0" hostname="Filip-PC" name="pyp.MyFilesAddFiles" tests="2" failures="0" timestamp="20 Dec 2020 19:13:56 GMT" time="80.280" errors="0">
  <testcase name="uploadMyDevice" time="40.889" classname="pyp.MyFilesAddFiles"/>
  <testcase name="uploadMyDevice" time="39.391" classname="pyp.MyFilesAddFiles"/>
</testsuite> <!-- pyp.MyFilesAddFiles -->
