<?xml version="1.0" encoding="UTF-8"?>
<!-- Generated by org.testng.reporters.JUnitReportReporter -->
<testsuite skipped="0" hostname="Filip-PC" name="pyp.RegistrationLinksCheck" tests="2" failures="0" timestamp="13 Dec 2020 18:56:35 GMT" time="23.416" errors="0">
  <testcase name="linksCheck" time="5.234" classname="pyp.RegistrationLinksCheck"/>
  <testcase name="navigateToRegistrationPage" time="18.182" classname="pyp.RegistrationLinksCheck"/>
</testsuite> <!-- pyp.RegistrationLinksCheck -->
