<?xml version="1.0" encoding="UTF-8"?>
<!-- Generated by org.testng.reporters.JUnitReportReporter -->
<testsuite skipped="0" hostname="Filip-PC" name="pyp.ForgotPasswordValidationChecks" tests="4" failures="0" timestamp="13 Dec 2020 19:04:46 GMT" time="22.581" errors="0">
  <testcase name="forgotPasswordNavigation" time="19.059" classname="pyp.ForgotPasswordValidationChecks"/>
  <testcase name="validationEmailWrongFormat" time="1.192" classname="pyp.ForgotPasswordValidationChecks"/>
  <testcase name="validationEmailDontExist" time="1.555" classname="pyp.ForgotPasswordValidationChecks"/>
  <testcase name="validationEmailFieldBlank" time="0.775" classname="pyp.ForgotPasswordValidationChecks"/>
</testsuite> <!-- pyp.ForgotPasswordValidationChecks -->
