<?xml version="1.0" encoding="UTF-8"?>
<!-- Generated by org.testng.reporters.JUnitReportReporter -->
<testsuite skipped="0" hostname="Filip-PC" name="pyp.ForgotPassword" tests="6" failures="0" timestamp="20 Dec 2020 17:59:38 GMT" time="109.222" errors="0">
  <testcase name="resetPasswordSuccess" time="14.121" classname="pyp.ForgotPassword"/>
  <testcase name="validationPasswordsDontMatch" time="1.636" classname="pyp.ForgotPassword"/>
  <testcase name="validationFieldsAreBlank" time="6.016" classname="pyp.ForgotPassword"/>
  <testcase name="resetPasswordMail" time="47.413" classname="pyp.ForgotPassword"/>
  <testcase name="forgotPasswordNavigation" time="38.892" classname="pyp.ForgotPassword"/>
  <testcase name="validationEmailWrongFormat" time="1.144" classname="pyp.ForgotPassword"/>
</testsuite> <!-- pyp.ForgotPassword -->
