<?xml version="1.0" encoding="UTF-8"?>
<!-- Generated by org.testng.reporters.JUnitReportReporter -->
<testsuite skipped="0" hostname="Filip-PC" name="pyp.MyFilesFunctionalities" tests="2" failures="0" timestamp="13 Dec 2020 22:15:51 GMT" time="16.173" errors="0">
  <testcase name="renameMediaOption" time="6.875" classname="pyp.MyFilesFunctionalities"/>
  <testcase name="viewMediaOption" time="9.298" classname="pyp.MyFilesFunctionalities"/>
</testsuite> <!-- pyp.MyFilesFunctionalities -->
