<?xml version="1.0" encoding="UTF-8"?>
<!-- Generated by org.testng.reporters.JUnitReportReporter -->
<testsuite skipped="0" hostname="Filip-PC" name="pyp.GetInspired" tests="1" failures="0" timestamp="30 Nov 2020 19:19:14 GMT" time="1.654" errors="0">
  <testcase name="forgotPasswordNavigation" time="1.654" classname="pyp.GetInspired"/>
</testsuite> <!-- pyp.GetInspired -->
