<?xml version="1.0" encoding="UTF-8"?>
<!-- Generated by org.testng.reporters.JUnitReportReporter -->
<testsuite skipped="0" hostname="Filip-PC" name="pyp.Registration" tests="2" failures="0" timestamp="13 Dec 2020 18:59:40 GMT" time="26.674" errors="0">
  <testcase name="registration" time="6.111" classname="pyp.Registration"/>
  <testcase name="homepage" time="20.563" classname="pyp.Registration"/>
</testsuite> <!-- pyp.Registration -->
