<?xml version="1.0" encoding="UTF-8"?>
<!-- Generated by org.testng.reporters.JUnitReportReporter -->
<testsuite skipped="0" hostname="Filip-PC" name="pyp.MyProfileEmailNotification" tests="2" failures="0" timestamp="13 Dec 2020 19:59:58 GMT" time="5.052" errors="0">
  <testcase name="emailNotification" time="3.462" classname="pyp.MyProfileEmailNotification"/>
  <testcase name="myProfile" time="1.590" classname="pyp.MyProfileEmailNotification"/>
</testsuite> <!-- pyp.MyProfileEmailNotification -->
