<?xml version="1.0" encoding="UTF-8"?>
<!-- Generated by org.testng.reporters.JUnitReportReporter -->
<testsuite skipped="0" hostname="Filip-PC" name="pyp.TemplatesSpeedsFilter" tests="1" failures="0" timestamp="20 Dec 2020 18:28:53 GMT" time="45.284" errors="0">
  <testcase name="speedsFilter" time="45.284" classname="pyp.TemplatesSpeedsFilter"/>
</testsuite> <!-- pyp.TemplatesSpeedsFilter -->
