<?xml version="1.0" encoding="UTF-8"?>
<!-- Generated by org.testng.reporters.JUnitReportReporter -->
<testsuite skipped="0" hostname="Filip-PC" name="pyp.GetInspiredDurationFilter" tests="1" failures="0" timestamp="20 Dec 2020 19:06:09 GMT" time="42.290" errors="0">
  <testcase name="durationFilter" time="42.290" classname="pyp.GetInspiredDurationFilter"/>
</testsuite> <!-- pyp.GetInspiredDurationFilter -->
