<?xml version="1.0" encoding="UTF-8"?>
<!-- Generated by org.testng.reporters.JUnitReportReporter -->
<testsuite skipped="0" hostname="Filip-PC" name="pyp.LoginValidationChecks" tests="5" failures="0" timestamp="20 Dec 2020 17:47:11 GMT" time="23.213" errors="0">
  <testcase name="validationWrongCredetials" time="2.141" classname="pyp.LoginValidationChecks"/>
  <testcase name="navigateToRegistrationPage" time="16.617" classname="pyp.LoginValidationChecks"/>
  <testcase name="validationEmailWrongFormat" time="1.614" classname="pyp.LoginValidationChecks"/>
  <testcase name="validationAllFieldsBlank" time="1.521" classname="pyp.LoginValidationChecks"/>
  <testcase name="validationPasswordLenght" time="1.320" classname="pyp.LoginValidationChecks"/>
</testsuite> <!-- pyp.LoginValidationChecks -->
