<?xml version="1.0" encoding="UTF-8"?>
<!-- Generated by org.testng.reporters.JUnitReportReporter -->
<testsuite skipped="0" hostname="Filip-PC" name="pyp.LoginPageLinksCheck" tests="1" failures="0" timestamp="13 Dec 2020 19:01:55 GMT" time="19.258" errors="0">
  <testcase name="linksCheck" time="19.258" classname="pyp.LoginPageLinksCheck"/>
</testsuite> <!-- pyp.LoginPageLinksCheck -->
