<?xml version="1.0" encoding="UTF-8"?>
<!-- Generated by org.testng.reporters.JUnitReportReporter -->
<testsuite skipped="0" hostname="Filip-PC" name="pyp.MyFilesSearchBar" tests="2" failures="0" timestamp="20 Dec 2020 19:24:03 GMT" time="21.229" errors="0">
  <testcase name="wrongSearchMedia" time="13.930" classname="pyp.MyFilesSearchBar"/>
  <testcase name="searchMedia" time="7.299" classname="pyp.MyFilesSearchBar"/>
</testsuite> <!-- pyp.MyFilesSearchBar -->
