<?xml version="1.0" encoding="UTF-8"?>
<!-- Generated by org.testng.reporters.JUnitReportReporter -->
<testsuite skipped="0" hostname="Filip-PC" name="pyp.MyFavoritesPreview" tests="2" failures="0" timestamp="17 Dec 2020 16:28:34 GMT" time="11.959" errors="0">
  <testcase name="myFavoritesPreview" time="10.299" classname="pyp.MyFavoritesPreview"/>
  <testcase name="deleteAllFavorites" time="1.660" classname="pyp.MyFavoritesPreview"/>
</testsuite> <!-- pyp.MyFavoritesPreview -->
