<?xml version="1.0" encoding="UTF-8"?>
<!-- Generated by org.testng.reporters.JUnitReportReporter -->
<testsuite skipped="0" hostname="Filip-PC" name="pyp.Registration" tests="2" failures="0" timestamp="20 Dec 2020 17:41:38 GMT" time="23.840" errors="0">
  <testcase name="homepage" time="17.661" classname="pyp.Registration"/>
  <testcase name="registration" time="6.179" classname="pyp.Registration"/>
</testsuite> <!-- pyp.Registration -->
