<?xml version="1.0" encoding="UTF-8"?>
<!-- Generated by org.testng.reporters.JUnitReportReporter -->
<testsuite skipped="0" hostname="Filip-PC" name="pyp.MyProfilePassword" tests="2" failures="0" timestamp="13 Dec 2020 19:56:55 GMT" time="7.921" errors="0">
  <testcase name="myProfileBackPasswordAndLogin" time="2.107" classname="pyp.MyProfilePassword"/>
  <testcase name="myProfileNewPassword" time="5.814" classname="pyp.MyProfilePassword"/>
</testsuite> <!-- pyp.MyProfilePassword -->
