<?xml version="1.0" encoding="UTF-8"?>
<!-- Generated by org.testng.reporters.JUnitReportReporter -->
<testsuite skipped="0" hostname="Filip-PC" name="pyp.MyProfilePassword" tests="2" failures="0" timestamp="20 Dec 2020 18:38:50 GMT" time="5.750" errors="0">
  <testcase name="myProfileNewPassword" time="4.055" classname="pyp.MyProfilePassword"/>
  <testcase name="myProfileBackPasswordAndLogin" time="1.695" classname="pyp.MyProfilePassword"/>
</testsuite> <!-- pyp.MyProfilePassword -->
