<?xml version="1.0" encoding="UTF-8"?>
<!-- Generated by org.testng.reporters.JUnitReportReporter -->
<testsuite skipped="0" hostname="Filip-PC" name="pyp.TemplatesFilters" tests="1" failures="0" timestamp="26 Nov 2020 21:26:15 GMT" time="31.140" errors="0">
  <testcase name="durationFilter" time="31.140" classname="pyp.TemplatesFilters"/>
</testsuite> <!-- pyp.TemplatesFilters -->
