<?xml version="1.0" encoding="UTF-8"?>
<!-- Generated by org.testng.reporters.JUnitReportReporter -->
<testsuite skipped="0" hostname="Filip-PC" name="pyp.GetInspiredNewestAndPopularFilter" tests="1" failures="0" timestamp="13 Dec 2020 21:13:04 GMT" time="14.855" errors="0">
  <testcase name="getInspiredNewestAndPopular" time="14.855" classname="pyp.GetInspiredNewestAndPopularFilter"/>
</testsuite> <!-- pyp.GetInspiredNewestAndPopularFilter -->
